<?xml version="1.0" encoding="UTF-8"?>
<!-- Generated by org.testng.reporters.JUnitReportReporter -->
<testsuite hostname="Pritam-h17" failures="0" tests="1" name="demo.main" time="2.957" errors="0" timestamp="2024-12-02T08:55:50 IST" skipped="0">
  <testcase classname="demo.main" name="test_2" time="2.957"/>
</testsuite> <!-- demo.main -->
