<?xml version="1.0" encoding="UTF-8"?>
<!-- Generated by org.testng.reporters.JUnitReportReporter -->
<testsuite hostname="Pritam-h17" failures="0" tests="1" name="demo.put" time="3.429" errors="0" timestamp="2024-12-03T09:35:55 IST" skipped="0">
  <testcase classname="demo.put" name="put_res" time="3.429"/>
</testsuite> <!-- demo.put -->
