<?xml version="1.0" encoding="UTF-8"?>
<!-- Generated by org.testng.reporters.JUnitReportReporter -->
<testsuite hostname="Pritam-h17" failures="0" tests="1" name="demo.get" time="1.927" errors="0" timestamp="2024-12-03T08:11:23 IST" skipped="0">
  <testcase classname="demo.get" name="GET" time="1.927"/>
</testsuite> <!-- demo.get -->
