<?xml version="1.0" encoding="UTF-8"?>
<!-- Generated by org.testng.reporters.JUnitReportReporter -->
<testsuite hostname="Pritam-h17" failures="0" tests="1" name="demo.SOAPAPI" time="3.191" errors="0" timestamp="2024-12-06T08:15:39 IST" skipped="0">
  <testcase classname="demo.SOAPAPI" name="validateSOAPXML" time="3.191"/>
</testsuite> <!-- demo.SOAPAPI -->
