<?xml version="1.0" encoding="UTF-8"?>
<!-- Generated by org.testng.reporters.JUnitReportReporter -->
<testsuite hostname="Pritam-h17" failures="0" tests="1" name="demo.localAPI" time="1.897" errors="0" timestamp="2024-12-04T09:22:43 IST" skipped="0">
  <testcase classname="demo.localAPI" name="Delete" time="1.897"/>
</testsuite> <!-- demo.localAPI -->
