<?xml version="1.0" encoding="UTF-8"?>
<!-- Generated by org.testng.reporters.JUnitReportReporter -->
<testsuite hostname="Pritam-h17" failures="0" tests="1" name="demo.main" time="2.479" errors="0" timestamp="2024-12-02T08:32:58 IST" skipped="0">
  <testcase classname="demo.main" name="Test" time="2.479"/>
</testsuite> <!-- demo.main -->
