<?xml version="1.0" encoding="UTF-8"?>
<!-- Generated by org.testng.reporters.JUnitReportReporter -->
<testsuite hostname="Pritam-h17" failures="0" tests="1" name="demo.localAPI" time="1.882" errors="0" timestamp="2024-12-04T09:17:40 IST" skipped="0">
  <testcase classname="demo.localAPI" name="get1" time="1.882"/>
</testsuite> <!-- demo.localAPI -->
