<?xml version="1.0" encoding="UTF-8"?>
<!-- Generated by org.testng.reporters.JUnitReportReporter -->
<testsuite hostname="Pritam-h17" failures="0" tests="1" name="demo.patch" time="3.655" errors="0" timestamp="2024-12-03T09:42:35 IST" skipped="0">
  <testcase classname="demo.patch" name="ptach_req" time="3.655"/>
</testsuite> <!-- demo.patch -->
