<?xml version="1.0" encoding="UTF-8"?>
<!-- Generated by org.testng.reporters.JUnitReportReporter -->
<testsuite hostname="Pritam-h17" failures="0" tests="1" name="demo.post" time="1.813" errors="0" timestamp="2024-12-03T08:58:29 IST" skipped="0">
  <testcase classname="demo.post" name="post_req" time="1.813"/>
</testsuite> <!-- demo.post -->
